# JRE version: Java(TM) SE Runtime Environment (8.0_91-b15) (build 1.8.0_91-b15)
# Java VM: Java HotSpot(TM) 64-Bit Server VM (25.91-b15 mixed mode windows-amd64 compressed oops)
Heap:
 PSYoungGen      total 242688K, used 152330K [0x00000000d6000000, 0x00000000ee280000, 0x0000000100000000)
  eden space 218112K, 68% used [0x00000000d6000000,0x00000000df265e50,0x00000000e3500000)
  from space 24576K, 9% used [0x00000000e3500000,0x00000000e375ccc8,0x00000000e4d00000)
  to   space 35840K, 0% used [0x00000000ebf80000,0x00000000ebf80000,0x00000000ee280000)
 ParOldGen       total 108544K, used 45409K [0x0000000082000000, 0x0000000088a00000, 0x00000000d6000000)
  object space 108544K, 41% used [0x0000000082000000,0x0000000084c58580,0x0000000088a00000)
 Metaspace       used 39251K, capacity 40458K, committed 40704K, reserved 1085440K
  class space    used 5009K, capacity 5267K, committed 5376K, reserved 1048576K
GC Heap History (10 events):
Event: 2.886 GC heap before
{Heap before GC invocations=7 (full 1):
 PSYoungGen      total 70656K, used 65536K [0x00000000d6000000, 0x00000000df100000, 0x0000000100000000)
  eden space 65536K, 100% used [0x00000000d6000000,0x00000000da000000,0x00000000da000000)
  from space 5120K, 0% used [0x00000000da000000,0x00000000da000000,0x00000000da500000)
  to   space 8704K, 0% used [0x00000000de880000,0x00000000de880000,0x00000000df100000)
 ParOldGen       total 45056K, used 5064K [0x0000000082000000, 0x0000000084c00000, 0x00000000d6000000)
  object space 45056K, 11% used [0x0000000082000000,0x00000000824f2000,0x0000000084c00000)
 Metaspace       used 26139K, capacity 26884K, committed 27008K, reserved 1073152K
  class space    used 3507K, capacity 3686K, committed 3712K, reserved 1048576K
Event: 2.905 GC heap after
Heap after GC invocations=7 (full 1):
 PSYoungGen      total 131584K, used 8677K [0x00000000d6000000, 0x00000000df100000, 0x0000000100000000)
  eden space 122880K, 0% used [0x00000000d6000000,0x00000000d6000000,0x00000000dd800000)
  from space 8704K, 99% used [0x00000000de880000,0x00000000df0f94b0,0x00000000df100000)
  to   space 11776K, 0% used [0x00000000dda00000,0x00000000dda00000,0x00000000de580000)
 ParOldGen       total 45056K, used 8320K [0x0000000082000000, 0x0000000084c00000, 0x00000000d6000000)
  object space 45056K, 18% used [0x0000000082000000,0x00000000828202e0,0x0000000084c00000)
 Metaspace       used 26139K, capacity 26884K, committed 27008K, reserved 1073152K
  class space    used 3507K, capacity 3686K, committed 3712K, reserved 1048576K
}
Event: 3.792 GC heap before
{Heap before GC invocations=8 (full 1):
 PSYoungGen      total 131584K, used 131557K [0x00000000d6000000, 0x00000000df100000, 0x0000000100000000)
  eden space 122880K, 100% used [0x00000000d6000000,0x00000000dd800000,0x00000000dd800000)
  from space 8704K, 99% used [0x00000000de880000,0x00000000df0f94b0,0x00000000df100000)
  to   space 11776K, 0% used [0x00000000dda00000,0x00000000dda00000,0x00000000de580000)
 ParOldGen       total 45056K, used 8320K [0x0000000082000000, 0x0000000084c00000, 0x00000000d6000000)
  object space 45056K, 18% used [0x0000000082000000,0x00000000828202e0,0x0000000084c00000)
 Metaspace       used 30404K, capacity 31346K, committed 31488K, reserved 1077248K
  class space    used 4096K, capacity 4325K, committed 4352K, reserved 1048576K
Event: 3.809 GC heap after
Heap after GC invocations=8 (full 1):
 PSYoungGen      total 136704K, used 11770K [0x00000000d6000000, 0x00000000e5c80000, 0x0000000100000000)
  eden space 124928K, 0% used [0x00000000d6000000,0x00000000d6000000,0x00000000dda00000)
  from space 11776K, 99% used [0x00000000dda00000,0x00000000de57e8e8,0x00000000de580000)
  to   space 15872K, 0% used [0x00000000e4d00000,0x00000000e4d00000,0x00000000e5c80000)
 ParOldGen       total 45056K, used 13600K [0x0000000082000000, 0x0000000084c00000, 0x00000000d6000000)
  object space 45056K, 30% used [0x0000000082000000,0x0000000082d48128,0x0000000084c00000)
 Metaspace       used 30404K, capacity 31346K, committed 31488K, reserved 1077248K
  class space    used 4096K, capacity 4325K, committed 4352K, reserved 1048576K
}
Event: 4.468 GC heap before
{Heap before GC invocations=9 (full 1):
 PSYoungGen      total 136704K, used 136698K [0x00000000d6000000, 0x00000000e5c80000, 0x0000000100000000)
  eden space 124928K, 100% used [0x00000000d6000000,0x00000000dda00000,0x00000000dda00000)
  from space 11776K, 99% used [0x00000000dda00000,0x00000000de57e8e8,0x00000000de580000)
  to   space 15872K, 0% used [0x00000000e4d00000,0x00000000e4d00000,0x00000000e5c80000)
 ParOldGen       total 45056K, used 13600K [0x0000000082000000, 0x0000000084c00000, 0x00000000d6000000)
  object space 45056K, 30% used [0x0000000082000000,0x0000000082d48128,0x0000000084c00000)
 Metaspace       used 30423K, capacity 31410K, committed 31744K, reserved 1077248K
  class space    used 4099K, capacity 4325K, committed 4352K, reserved 1048576K
Event: 4.515 GC heap after
Heap after GC invocations=9 (full 1):
 PSYoungGen      total 233984K, used 15842K [0x00000000d6000000, 0x00000000e7000000, 0x0000000100000000)
  eden space 218112K, 0% used [0x00000000d6000000,0x00000000d6000000,0x00000000e3500000)
  from space 15872K, 99% used [0x00000000e4d00000,0x00000000e5c78bb8,0x00000000e5c80000)
  to   space 24576K, 0% used [0x00000000e3500000,0x00000000e3500000,0x00000000e4d00000)
 ParOldGen       total 45056K, used 27258K [0x0000000082000000, 0x0000000084c00000, 0x00000000d6000000)
  object space 45056K, 60% used [0x0000000082000000,0x0000000083a9e878,0x0000000084c00000)
 Metaspace       used 30423K, capacity 31410K, committed 31744K, reserved 1077248K
  class space    used 4099K, capacity 4325K, committed 4352K, reserved 1048576K
}
Event: 6.249 GC heap before
{Heap before GC invocations=10 (full 1):
 PSYoungGen      total 233984K, used 233954K [0x00000000d6000000, 0x00000000e7000000, 0x0000000100000000)
  eden space 218112K, 100% used [0x00000000d6000000,0x00000000e3500000,0x00000000e3500000)
  from space 15872K, 99% used [0x00000000e4d00000,0x00000000e5c78bb8,0x00000000e5c80000)
  to   space 24576K, 0% used [0x00000000e3500000,0x00000000e3500000,0x00000000e4d00000)
 ParOldGen       total 45056K, used 27258K [0x0000000082000000, 0x0000000084c00000, 0x00000000d6000000)
  object space 45056K, 60% used [0x0000000082000000,0x0000000083a9e878,0x0000000084c00000)
 Metaspace       used 33033K, capacity 34004K, committed 34176K, reserved 1079296K
  class space    used 4420K, capacity 4660K, committed 4736K, reserved 1048576K
Event: 6.301 GC heap after
Heap after GC invocations=10 (full 1):
 PSYoungGen      total 242688K, used 24570K [0x00000000d6000000, 0x00000000ee280000, 0x0000000100000000)
  eden space 218112K, 0% used [0x00000000d6000000,0x00000000d6000000,0x00000000e3500000)
  from space 24576K, 99% used [0x00000000e3500000,0x00000000e4cfe948,0x00000000e4d00000)
  to   space 35840K, 0% used [0x00000000ebf80000,0x00000000ebf80000,0x00000000ee280000)
 ParOldGen       total 45568K, used 45179K [0x0000000082000000, 0x0000000084c80000, 0x00000000d6000000)
  object space 45568K, 99% used [0x0000000082000000,0x0000000084c1ec88,0x0000000084c80000)
 Metaspace       used 33033K, capacity 34004K, committed 34176K, reserved 1079296K
  class space    used 4420K, capacity 4660K, committed 4736K, reserved 1048576K
}
Event: 6.301 GC heap before
{Heap before GC invocations=11 (full 2):
 PSYoungGen      total 242688K, used 24570K [0x00000000d6000000, 0x00000000ee280000, 0x0000000100000000)
  eden space 218112K, 0% used [0x00000000d6000000,0x00000000d6000000,0x00000000e3500000)
  from space 24576K, 99% used [0x00000000e3500000,0x00000000e4cfe948,0x00000000e4d00000)
  to   space 35840K, 0% used [0x00000000ebf80000,0x00000000ebf80000,0x00000000ee280000)
 ParOldGen       total 45568K, used 45179K [0x0000000082000000, 0x0000000084c80000, 0x00000000d6000000)
  object space 45568K, 99% used [0x0000000082000000,0x0000000084c1ec88,0x0000000084c80000)
 Metaspace       used 33033K, capacity 34004K, committed 34176K, reserved 1079296K
  class space    used 4420K, capacity 4660K, committed 4736K, reserved 1048576K
Event: 6.470 GC heap after
Heap after GC invocations=11 (full 2):
 PSYoungGen      total 242688K, used 2419K [0x00000000d6000000, 0x00000000ee280000, 0x0000000100000000)
  eden space 218112K, 0% used [0x00000000d6000000,0x00000000d6000000,0x00000000e3500000)
  from space 24576K, 9% used [0x00000000e3500000,0x00000000e375ccc8,0x00000000e4d00000)
  to   space 35840K, 0% used [0x00000000ebf80000,0x00000000ebf80000,0x00000000ee280000)
 ParOldGen       total 108544K, used 45409K [0x0000000082000000, 0x0000000088a00000, 0x00000000d6000000)
  object space 108544K, 41% used [0x0000000082000000,0x0000000084c58580,0x0000000088a00000)
 Metaspace       used 33033K, capacity 34004K, committed 34176K, reserved 1079296K
  class space    used 4420K, capacity 4660K, committed 4736K, reserved 1048576K
}

