# JRE version: Java(TM) SE Runtime Environment (8.0_91-b15) (build 1.8.0_91-b15)
# Java VM: Java HotSpot(TM) 64-Bit Server VM (25.91-b15 mixed mode windows-amd64 compressed oops)
Heap:
 PSYoungGen      total 300032K, used 56955K [0x00000000d6000000, 0x00000000ef500000, 0x0000000100000000)
  eden space 268288K, 21% used [0x00000000d6000000,0x00000000d979ed08,0x00000000e6600000)
  from space 31744K, 0% used [0x00000000e6600000,0x00000000e6600000,0x00000000e8500000)
  to   space 31232K, 0% used [0x00000000ed680000,0x00000000ed680000,0x00000000ef500000)
 ParOldGen       total 133632K, used 47954K [0x0000000082000000, 0x000000008a280000, 0x00000000d6000000)
  object space 133632K, 35% used [0x0000000082000000,0x0000000084ed4b50,0x000000008a280000)
 Metaspace       used 52212K, capacity 53640K, committed 53804K, reserved 1095680K
  class space    used 6695K, capacity 6972K, committed 7040K, reserved 1048576K
GC Heap History (10 events):
Event: 6.911 GC heap before
{Heap before GC invocations=10 (full 1):
 PSYoungGen      total 211456K, used 211437K [0x00000000d6000000, 0x00000000e5c00000, 0x0000000100000000)
  eden space 196608K, 100% used [0x00000000d6000000,0x00000000e2000000,0x00000000e2000000)
  from space 14848K, 99% used [0x00000000e3480000,0x00000000e42fb688,0x00000000e4300000)
  to   space 20992K, 0% used [0x00000000e2000000,0x00000000e2000000,0x00000000e3480000)
 ParOldGen       total 47616K, used 24595K [0x0000000082000000, 0x0000000084e80000, 0x00000000d6000000)
  object space 47616K, 51% used [0x0000000082000000,0x0000000083804d40,0x0000000084e80000)
 Metaspace       used 30616K, capacity 31506K, committed 31744K, reserved 1077248K
  class space    used 4042K, capacity 4229K, committed 4352K, reserved 1048576K
Event: 6.989 GC heap after
Heap after GC invocations=10 (full 1):
 PSYoungGen      total 217600K, used 20987K [0x00000000d6000000, 0x00000000eb500000, 0x0000000100000000)
  eden space 196608K, 0% used [0x00000000d6000000,0x00000000d6000000,0x00000000e2000000)
  from space 20992K, 99% used [0x00000000e2000000,0x00000000e347ee98,0x00000000e3480000)
  to   space 33280K, 0% used [0x00000000e9480000,0x00000000e9480000,0x00000000eb500000)
 ParOldGen       total 47616K, used 46185K [0x0000000082000000, 0x0000000084e80000, 0x00000000d6000000)
  object space 47616K, 96% used [0x0000000082000000,0x0000000084d1a4a8,0x0000000084e80000)
 Metaspace       used 30616K, capacity 31506K, committed 31744K, reserved 1077248K
  class space    used 4042K, capacity 4229K, committed 4352K, reserved 1048576K
}
Event: 6.989 GC heap before
{Heap before GC invocations=11 (full 2):
 PSYoungGen      total 217600K, used 20987K [0x00000000d6000000, 0x00000000eb500000, 0x0000000100000000)
  eden space 196608K, 0% used [0x00000000d6000000,0x00000000d6000000,0x00000000e2000000)
  from space 20992K, 99% used [0x00000000e2000000,0x00000000e347ee98,0x00000000e3480000)
  to   space 33280K, 0% used [0x00000000e9480000,0x00000000e9480000,0x00000000eb500000)
 ParOldGen       total 47616K, used 46185K [0x0000000082000000, 0x0000000084e80000, 0x00000000d6000000)
  object space 47616K, 96% used [0x0000000082000000,0x0000000084d1a4a8,0x0000000084e80000)
 Metaspace       used 30616K, capacity 31506K, committed 31744K, reserved 1077248K
  class space    used 4042K, capacity 4229K, committed 4352K, reserved 1048576K
Event: 7.146 GC heap after
Heap after GC invocations=11 (full 2):
 PSYoungGen      total 217600K, used 4857K [0x00000000d6000000, 0x00000000eb500000, 0x0000000100000000)
  eden space 196608K, 0% used [0x00000000d6000000,0x00000000d6000000,0x00000000e2000000)
  from space 20992K, 23% used [0x00000000e2000000,0x00000000e24be678,0x00000000e3480000)
  to   space 33280K, 0% used [0x00000000e9480000,0x00000000e9480000,0x00000000eb500000)
 ParOldGen       total 116736K, used 47231K [0x0000000082000000, 0x0000000089200000, 0x00000000d6000000)
  object space 116736K, 40% used [0x0000000082000000,0x0000000084e1fd60,0x0000000089200000)
 Metaspace       used 30616K, capacity 31506K, committed 31744K, reserved 1077248K
  class space    used 4042K, capacity 4229K, committed 4352K, reserved 1048576K
}
Event: 9.684 GC heap before
{Heap before GC invocations=12 (full 2):
 PSYoungGen      total 217600K, used 201465K [0x00000000d6000000, 0x00000000eb500000, 0x0000000100000000)
  eden space 196608K, 100% used [0x00000000d6000000,0x00000000e2000000,0x00000000e2000000)
  from space 20992K, 23% used [0x00000000e2000000,0x00000000e24be678,0x00000000e3480000)
  to   space 33280K, 0% used [0x00000000e9480000,0x00000000e9480000,0x00000000eb500000)
 ParOldGen       total 116736K, used 47231K [0x0000000082000000, 0x0000000089200000, 0x00000000d6000000)
  object space 116736K, 40% used [0x0000000082000000,0x0000000084e1fd60,0x0000000089200000)
 Metaspace       used 38551K, capacity 39684K, committed 39808K, reserved 1083392K
  class space    used 4901K, capacity 5138K, committed 5248K, reserved 1048576K
Event: 9.709 GC heap after
Heap after GC invocations=12 (full 2):
 PSYoungGen      total 282112K, used 15420K [0x00000000d6000000, 0x00000000ea400000, 0x0000000100000000)
  eden space 266240K, 0% used [0x00000000d6000000,0x00000000d6000000,0x00000000e6400000)
  from space 15872K, 97% used [0x00000000e9480000,0x00000000ea38f038,0x00000000ea400000)
  to   space 31744K, 0% used [0x00000000e6600000,0x00000000e6600000,0x00000000e8500000)
 ParOldGen       total 116736K, used 47239K [0x0000000082000000, 0x0000000089200000, 0x00000000d6000000)
  object space 116736K, 40% used [0x0000000082000000,0x0000000084e21d60,0x0000000089200000)
 Metaspace       used 38551K, capacity 39684K, committed 39808K, reserved 1083392K
  class space    used 4901K, capacity 5138K, committed 5248K, reserved 1048576K
}
Event: 13.804 GC heap before
{Heap before GC invocations=13 (full 2):
 PSYoungGen      total 282112K, used 279851K [0x00000000d6000000, 0x00000000ea400000, 0x0000000100000000)
  eden space 266240K, 99% used [0x00000000d6000000,0x00000000e623be50,0x00000000e6400000)
  from space 15872K, 97% used [0x00000000e9480000,0x00000000ea38f038,0x00000000ea400000)
  to   space 31744K, 0% used [0x00000000e6600000,0x00000000e6600000,0x00000000e8500000)
 ParOldGen       total 116736K, used 47239K [0x0000000082000000, 0x0000000089200000, 0x00000000d6000000)
  object space 116736K, 40% used [0x0000000082000000,0x0000000084e21d60,0x0000000089200000)
 Metaspace       used 51461K, capacity 52820K, committed 52908K, reserved 1095680K
  class space    used 6565K, capacity 6860K, committed 6912K, reserved 1048576K
Event: 13.845 GC heap after
Heap after GC invocations=13 (full 2):
 PSYoungGen      total 300032K, used 17538K [0x00000000d6000000, 0x00000000ef500000, 0x0000000100000000)
  eden space 268288K, 0% used [0x00000000d6000000,0x00000000d6000000,0x00000000e6600000)
  from space 31744K, 55% used [0x00000000e6600000,0x00000000e7720950,0x00000000e8500000)
  to   space 31232K, 0% used [0x00000000ed680000,0x00000000ed680000,0x00000000ef500000)
 ParOldGen       total 116736K, used 56690K [0x0000000082000000, 0x0000000089200000, 0x00000000d6000000)
  object space 116736K, 48% used [0x0000000082000000,0x000000008575c990,0x0000000089200000)
 Metaspace       used 51461K, capacity 52820K, committed 52908K, reserved 1095680K
  class space    used 6565K, capacity 6860K, committed 6912K, reserved 1048576K
}
Event: 13.845 GC heap before
{Heap before GC invocations=14 (full 3):
 PSYoungGen      total 300032K, used 17538K [0x00000000d6000000, 0x00000000ef500000, 0x0000000100000000)
  eden space 268288K, 0% used [0x00000000d6000000,0x00000000d6000000,0x00000000e6600000)
  from space 31744K, 55% used [0x00000000e6600000,0x00000000e7720950,0x00000000e8500000)
  to   space 31232K, 0% used [0x00000000ed680000,0x00000000ed680000,0x00000000ef500000)
 ParOldGen       total 116736K, used 56690K [0x0000000082000000, 0x0000000089200000, 0x00000000d6000000)
  object space 116736K, 48% used [0x0000000082000000,0x000000008575c990,0x0000000089200000)
 Metaspace       used 51461K, capacity 52820K, committed 52908K, reserved 1095680K
  class space    used 6565K, capacity 6860K, committed 6912K, reserved 1048576K
Event: 14.050 GC heap after
Heap after GC invocations=14 (full 3):
 PSYoungGen      total 300032K, used 0K [0x00000000d6000000, 0x00000000ef500000, 0x0000000100000000)
  eden space 268288K, 0% used [0x00000000d6000000,0x00000000d6000000,0x00000000e6600000)
  from space 31744K, 0% used [0x00000000e6600000,0x00000000e6600000,0x00000000e8500000)
  to   space 31232K, 0% used [0x00000000ed680000,0x00000000ed680000,0x00000000ef500000)
 ParOldGen       total 133632K, used 47954K [0x0000000082000000, 0x000000008a280000, 0x00000000d6000000)
  object space 133632K, 35% used [0x0000000082000000,0x0000000084ed4b50,0x000000008a280000)
 Metaspace       used 51461K, capacity 52820K, committed 52908K, reserved 1095680K
  class space    used 6565K, capacity 6860K, committed 6912K, reserved 1048576K
}

